-------------------------------------------------------------------------------
Test set: testing.OrderTest
-------------------------------------------------------------------------------
Tests run: 9, Failures: 0, Errors: 1, Skipped: 0, Time elapsed: 0.07 s <<< FAILURE! - in testing.OrderTest
orderTotalPriceShouldNotExceedMaxIntValue  Time elapsed: 0.011 s  <<< ERROR!
java.lang.IllegalStateException: Price limit exceeded.
	at testing.OrderTest.orderTotalPriceShouldNotExceedMaxIntValue(OrderTest.java:121)

