<?xml version="1.0" encoding="UTF-8"?>
<testsuite xmlns:xsi="http://www.w3.org/2001/XMLSchema-instance" xsi:noNamespaceSchemaLocation="https://maven.apache.org/surefire/maven-surefire-plugin/xsd/surefire-test-report.xsd" name="testing.order.OrderTest" time="0.076" tests="9" errors="1" skipped="0" failures="0">
  <properties>
[...]
</properties>
  <testcase name="cancelingOrderShouldRemoveAllItemsFromMealsList" classname="testing.order.OrderTest" time="0.01"/>
  <testcase name="mealShouldBeEmptyAfterCreationOfOrder" classname="testing.order.OrderTest" time="0.006"/>
  <testcase name="removingMealFromOrderShouldDecreaseOrderSize" classname="testing.order.OrderTest" time="0.007"/>
  <testcase name="orderTotalPriceShouldNotExceedMaxIntValue" classname="testing.order.OrderTest" time="0.014">
    <error message="Price limit exceeded." type="java.lang.IllegalStateException">java.lang.IllegalStateException: Price limit exceeded.
	at testing.order.OrderTest.orderTotalPriceShouldNotExceedMaxIntValue(OrderTest.java:124)
</error>
    <system-out><![CDATA[Inside before each extension
Inside BeforeEach method
Inside AfterEach method
Inside after each extension
]]></system-out>
  </testcase>
  <testcase name="addingMealToOrderShouldIncreaseOrderSize" classname="testing.order.OrderTest" time="0.005"/>
  <testcase name="testAssertArrayEquals" classname="testing.order.OrderTest" time="0.004"/>
  <testcase name="mealsShouldBeInCorrectOrderAfterAddingThemToOrder" classname="testing.order.OrderTest" time="0.005"/>
  <testcase name="testIfTwoMealListAreTheSame" classname="testing.order.OrderTest" time="0.016"/>
  <testcase name="emptyOrderTotalPriceShouldEqualZero" classname="testing.order.OrderTest" time="0.006"/>
</testsuite>